This is pdfTeX, Version 3.14159265-2.6-1.40.21 (TeX Live 2020) (preloaded format=pdflatex 2020.11.11)  27 OCT 2021 14:36
entering extended mode
 restricted \write18 enabled.
 %&-line parsing enabled.
**"MAP_G_1_harv_§´Ô ÅÆ™Ë®_20_10_2021.tex"
(./MAP_G_1_harv_§´Ô ÅÆ™Ë®_20_10_2021.tex
LaTeX2e <2020-02-02> patch level 5
L3 programming layer <2020-03-06>
(/usr/local/texlive/2020/texmf-dist/tex/latex/base/article.cls
Document Class: article 2019/12/20 v1.4l Standard LaTeX document class
(/usr/local/texlive/2020/texmf-dist/tex/latex/base/size12.clo
File: size12.clo 2019/12/20 v1.4l Standard LaTeX file (size option)
)
\c@part=\count167
\c@section=\count168
\c@subsection=\count169
\c@subsubsection=\count170
\c@paragraph=\count171
\c@subparagraph=\count172
\c@figure=\count173
\c@table=\count174
\abovecaptionskip=\skip47
\belowcaptionskip=\skip48
\bibindent=\dimen134
)
(/usr/local/texlive/2020/texmf-dist/tex/generic/babel/babel.sty
Package: babel 2020/03/22 3.42 The Babel package

(/usr/local/texlive/2020/texmf-dist/tex/generic/babel/switch.def
File: switch.def 2020/03/22 3.42 Babel switching mechanism
)
(/usr/local/texlive/2020/texmf-dist/tex/generic/babel-russian/russianb.ldf
Language: russian 2017/08/12 1.3j Russian support for the Babel system

(/usr/local/texlive/2020/texmf-dist/tex/generic/babel/babel.def
File: babel.def 2020/03/22 3.42 Babel common definitions
\babel@savecnt=\count175
\U@D=\dimen135

(/usr/local/texlive/2020/texmf-dist/tex/generic/babel/txtbabel.def)
\bbl@readstream=\read2
\bbl@dirlevel=\count176
)

Package babel Warning: No Cyrillic font encoding has been loaded so far.
(babel)                A font encoding should be declared before babel.
(babel)                Default `T2A' encoding will be loaded  on input line 74.


(/usr/local/texlive/2020/texmf-dist/tex/latex/cyrillic/t2aenc.def
File: t2aenc.def 2005/09/27 v1.0i Cyrillic encoding definition file
Now handling font encoding T2A ...
... processing UTF-8 mapping file for font encoding T2A

(/usr/local/texlive/2020/texmf-dist/tex/latex/base/t2aenc.dfu
File: t2aenc.dfu 2019/11/14 v1.2k UTF-8 support for inputenc
   defining Unicode char U+00A4 (decimal 164)
   defining Unicode char U+00A7 (decimal 167)
   defining Unicode char U+00AB (decimal 171)
   defining Unicode char U+00BB (decimal 187)
   defining Unicode char U+0131 (decimal 305)
   defining Unicode char U+0237 (decimal 567)
   defining Unicode char U+0400 (decimal 1024)
   defining Unicode char U+0401 (decimal 1025)
   defining Unicode char U+0402 (decimal 1026)
   defining Unicode char U+0403 (decimal 1027)
   defining Unicode char U+0404 (decimal 1028)
   defining Unicode char U+0405 (decimal 1029)
   defining Unicode char U+0406 (decimal 1030)
   defining Unicode char U+0407 (decimal 1031)
   defining Unicode char U+0408 (decimal 1032)
   defining Unicode char U+0409 (decimal 1033)
   defining Unicode char U+040A (decimal 1034)
   defining Unicode char U+040B (decimal 1035)
   defining Unicode char U+040C (decimal 1036)
   defining Unicode char U+040D (decimal 1037)
   defining Unicode char U+040E (decimal 1038)
   defining Unicode char U+040F (decimal 1039)
   defining Unicode char U+0410 (decimal 1040)
   defining Unicode char U+0411 (decimal 1041)
   defining Unicode char U+0412 (decimal 1042)
   defining Unicode char U+0413 (decimal 1043)
   defining Unicode char U+0414 (decimal 1044)
   defining Unicode char U+0415 (decimal 1045)
   defining Unicode char U+0416 (decimal 1046)
   defining Unicode char U+0417 (decimal 1047)
   defining Unicode char U+0418 (decimal 1048)
   defining Unicode char U+0419 (decimal 1049)
   defining Unicode char U+041A (decimal 1050)
   defining Unicode char U+041B (decimal 1051)
   defining Unicode char U+041C (decimal 1052)
   defining Unicode char U+041D (decimal 1053)
   defining Unicode char U+041E (decimal 1054)
   defining Unicode char U+041F (decimal 1055)
   defining Unicode char U+0420 (decimal 1056)
   defining Unicode char U+0421 (decimal 1057)
   defining Unicode char U+0422 (decimal 1058)
   defining Unicode char U+0423 (decimal 1059)
   defining Unicode char U+0424 (decimal 1060)
   defining Unicode char U+0425 (decimal 1061)
   defining Unicode char U+0426 (decimal 1062)
   defining Unicode char U+0427 (decimal 1063)
   defining Unicode char U+0428 (decimal 1064)
   defining Unicode char U+0429 (decimal 1065)
   defining Unicode char U+042A (decimal 1066)
   defining Unicode char U+042B (decimal 1067)
   defining Unicode char U+042C (decimal 1068)
   defining Unicode char U+042D (decimal 1069)
   defining Unicode char U+042E (decimal 1070)
   defining Unicode char U+042F (decimal 1071)
   defining Unicode char U+0430 (decimal 1072)
   defining Unicode char U+0431 (decimal 1073)
   defining Unicode char U+0432 (decimal 1074)
   defining Unicode char U+0433 (decimal 1075)
   defining Unicode char U+0434 (decimal 1076)
   defining Unicode char U+0435 (decimal 1077)
   defining Unicode char U+0436 (decimal 1078)
   defining Unicode char U+0437 (decimal 1079)
   defining Unicode char U+0438 (decimal 1080)
   defining Unicode char U+0439 (decimal 1081)
   defining Unicode char U+043A (decimal 1082)
   defining Unicode char U+043B (decimal 1083)
   defining Unicode char U+043C (decimal 1084)
   defining Unicode char U+043D (decimal 1085)
   defining Unicode char U+043E (decimal 1086)
   defining Unicode char U+043F (decimal 1087)
   defining Unicode char U+0440 (decimal 1088)
   defining Unicode char U+0441 (decimal 1089)
   defining Unicode char U+0442 (decimal 1090)
   defining Unicode char U+0443 (decimal 1091)
   defining Unicode char U+0444 (decimal 1092)
   defining Unicode char U+0445 (decimal 1093)
   defining Unicode char U+0446 (decimal 1094)
   defining Unicode char U+0447 (decimal 1095)
   defining Unicode char U+0448 (decimal 1096)
   defining Unicode char U+0449 (decimal 1097)
   defining Unicode char U+044A (decimal 1098)
   defining Unicode char U+044B (decimal 1099)
   defining Unicode char U+044C (decimal 1100)
   defining Unicode char U+044D (decimal 1101)
   defining Unicode char U+044E (decimal 1102)
   defining Unicode char U+044F (decimal 1103)
   defining Unicode char U+0450 (decimal 1104)
   defining Unicode char U+0451 (decimal 1105)
   defining Unicode char U+0452 (decimal 1106)
   defining Unicode char U+0453 (decimal 1107)
   defining Unicode char U+0454 (decimal 1108)
   defining Unicode char U+0455 (decimal 1109)
   defining Unicode char U+0456 (decimal 1110)
   defining Unicode char U+0457 (decimal 1111)
   defining Unicode char U+0458 (decimal 1112)
   defining Unicode char U+0459 (decimal 1113)
   defining Unicode char U+045A (decimal 1114)
   defining Unicode char U+045B (decimal 1115)
   defining Unicode char U+045C (decimal 1116)
   defining Unicode char U+045D (decimal 1117)
   defining Unicode char U+045E (decimal 1118)
   defining Unicode char U+045F (decimal 1119)
   defining Unicode char U+0490 (decimal 1168)
   defining Unicode char U+0491 (decimal 1169)
   defining Unicode char U+0492 (decimal 1170)
   defining Unicode char U+0493 (decimal 1171)
   defining Unicode char U+0496 (decimal 1174)
   defining Unicode char U+0497 (decimal 1175)
   defining Unicode char U+0498 (decimal 1176)
   defining Unicode char U+0499 (decimal 1177)
   defining Unicode char U+049A (decimal 1178)
   defining Unicode char U+049B (decimal 1179)
   defining Unicode char U+049C (decimal 1180)
   defining Unicode char U+049D (decimal 1181)
   defining Unicode char U+04A0 (decimal 1184)
   defining Unicode char U+04A1 (decimal 1185)
   defining Unicode char U+04A2 (decimal 1186)
   defining Unicode char U+04A3 (decimal 1187)
   defining Unicode char U+04A4 (decimal 1188)
   defining Unicode char U+04A5 (decimal 1189)
   defining Unicode char U+04AA (decimal 1194)
   defining Unicode char U+04AB (decimal 1195)
   defining Unicode char U+04AE (decimal 1198)
   defining Unicode char U+04AF (decimal 1199)
   defining Unicode char U+04B0 (decimal 1200)
   defining Unicode char U+04B1 (decimal 1201)
   defining Unicode char U+04B2 (decimal 1202)
   defining Unicode char U+04B3 (decimal 1203)
   defining Unicode char U+04B6 (decimal 1206)
   defining Unicode char U+04B7 (decimal 1207)
   defining Unicode char U+04B8 (decimal 1208)
   defining Unicode char U+04B9 (decimal 1209)
   defining Unicode char U+04BA (decimal 1210)
   defining Unicode char U+04BB (decimal 1211)
   defining Unicode char U+04C0 (decimal 1216)
   defining Unicode char U+04C1 (decimal 1217)
   defining Unicode char U+04C2 (decimal 1218)
   defining Unicode char U+04D0 (decimal 1232)
   defining Unicode char U+04D1 (decimal 1233)
   defining Unicode char U+04D2 (decimal 1234)
   defining Unicode char U+04D3 (decimal 1235)
   defining Unicode char U+04D4 (decimal 1236)
   defining Unicode char U+04D5 (decimal 1237)
   defining Unicode char U+04D6 (decimal 1238)
   defining Unicode char U+04D7 (decimal 1239)
   defining Unicode char U+04D8 (decimal 1240)
   defining Unicode char U+04D9 (decimal 1241)
   defining Unicode char U+04DA (decimal 1242)
   defining Unicode char U+04DB (decimal 1243)
   defining Unicode char U+04DC (decimal 1244)
   defining Unicode char U+04DD (decimal 1245)
   defining Unicode char U+04DE (decimal 1246)
   defining Unicode char U+04DF (decimal 1247)
   defining Unicode char U+04E2 (decimal 1250)
   defining Unicode char U+04E3 (decimal 1251)
   defining Unicode char U+04E4 (decimal 1252)
   defining Unicode char U+04E5 (decimal 1253)
   defining Unicode char U+04E6 (decimal 1254)
   defining Unicode char U+04E7 (decimal 1255)
   defining Unicode char U+04E8 (decimal 1256)
   defining Unicode char U+04E9 (decimal 1257)
   defining Unicode char U+04EC (decimal 1260)
   defining Unicode char U+04ED (decimal 1261)
   defining Unicode char U+04EE (decimal 1262)
   defining Unicode char U+04EF (decimal 1263)
   defining Unicode char U+04F0 (decimal 1264)
   defining Unicode char U+04F1 (decimal 1265)
   defining Unicode char U+04F2 (decimal 1266)
   defining Unicode char U+04F3 (decimal 1267)
   defining Unicode char U+04F4 (decimal 1268)
   defining Unicode char U+04F5 (decimal 1269)
   defining Unicode char U+04F8 (decimal 1272)
   defining Unicode char U+04F9 (decimal 1273)
   defining Unicode char U+200C (decimal 8204)
   defining Unicode char U+2013 (decimal 8211)
   defining Unicode char U+2014 (decimal 8212)
   defining Unicode char U+2018 (decimal 8216)
   defining Unicode char U+2019 (decimal 8217)
   defining Unicode char U+201C (decimal 8220)
   defining Unicode char U+201D (decimal 8221)
   defining Unicode char U+201E (decimal 8222)
   defining Unicode char U+2030 (decimal 8240)
   defining Unicode char U+2031 (decimal 8241)
   defining Unicode char U+2116 (decimal 8470)
   defining Unicode char U+2329 (decimal 9001)
   defining Unicode char U+232A (decimal 9002)
   defining Unicode char U+2423 (decimal 9251)
   defining Unicode char U+27E8 (decimal 10216)
   defining Unicode char U+27E9 (decimal 10217)
   defining Unicode char U+FB00 (decimal 64256)
   defining Unicode char U+FB01 (decimal 64257)
   defining Unicode char U+FB02 (decimal 64258)
   defining Unicode char U+FB03 (decimal 64259)
   defining Unicode char U+FB04 (decimal 64260)
   defining Unicode char U+FB05 (decimal 64261)
   defining Unicode char U+FB06 (decimal 64262)
))
Package babel Info: Making " an active character on input line 120.
Package babel Info: Default for \cyrdash is provided on input line 157.
))
(/usr/local/texlive/2020/texmf-dist/tex/latex/graphics/graphicx.sty
Package: graphicx 2019/11/30 v1.2a Enhanced LaTeX Graphics (DPC,SPQR)

(/usr/local/texlive/2020/texmf-dist/tex/latex/graphics/keyval.sty
Package: keyval 2014/10/28 v1.15 key=value parser (DPC)
\KV@toks@=\toks15
)
(/usr/local/texlive/2020/texmf-dist/tex/latex/graphics/graphics.sty
Package: graphics 2019/11/30 v1.4a Standard LaTeX Graphics (DPC,SPQR)

(/usr/local/texlive/2020/texmf-dist/tex/latex/graphics/trig.sty
Package: trig 2016/01/03 v1.10 sin cos tan (DPC)
)
(/usr/local/texlive/2020/texmf-dist/tex/latex/graphics-cfg/graphics.cfg
File: graphics.cfg 2016/06/04 v1.11 sample graphics configuration
)
Package graphics Info: Driver file: pdftex.def on input line 105.

(/usr/local/texlive/2020/texmf-dist/tex/latex/graphics-def/pdftex.def
File: pdftex.def 2018/01/08 v1.0l Graphics/color driver for pdftex
))
\Gin@req@height=\dimen136
\Gin@req@width=\dimen137
)
(/usr/local/texlive/2020/texmf-dist/tex/latex/amsfonts/amssymb.sty
Package: amssymb 2013/01/14 v3.01 AMS font symbols

(/usr/local/texlive/2020/texmf-dist/tex/latex/amsfonts/amsfonts.sty
Package: amsfonts 2013/01/14 v3.01 Basic AMSFonts support
\@emptytoks=\toks16
\symAMSa=\mathgroup4
\symAMSb=\mathgroup5
LaTeX Font Info:    Redeclaring math symbol \hbar on input line 98.
LaTeX Font Info:    Overwriting math alphabet `\mathfrak' in version `bold'
(Font)                  U/euf/m/n --> U/euf/b/n on input line 106.
))
(/usr/local/texlive/2020/texmf-dist/tex/latex/amsmath/amsbsy.sty
Package: amsbsy 1999/11/29 v1.2d Bold Symbols

(/usr/local/texlive/2020/texmf-dist/tex/latex/amsmath/amsgen.sty
File: amsgen.sty 1999/11/30 v2.0 generic functions
\@emptytoks=\toks17
\ex@=\dimen138
)
\pmbraise@=\dimen139
)
(/usr/local/texlive/2020/texmf-dist/tex/latex/xcolor/xcolor.sty
Package: xcolor 2016/05/11 v2.12 LaTeX color extensions (UK)

(/usr/local/texlive/2020/texmf-dist/tex/latex/graphics-cfg/color.cfg
File: color.cfg 2016/01/02 v1.6 sample color configuration
)
Package xcolor Info: Driver file: pdftex.def on input line 225.
Package xcolor Info: Model `cmy' substituted by `cmy0' on input line 1348.
Package xcolor Info: Model `hsb' substituted by `rgb' on input line 1352.
Package xcolor Info: Model `RGB' extended on input line 1364.
Package xcolor Info: Model `HTML' substituted by `rgb' on input line 1366.
Package xcolor Info: Model `Hsb' substituted by `hsb' on input line 1367.
Package xcolor Info: Model `tHsb' substituted by `hsb' on input line 1368.
Package xcolor Info: Model `HSB' substituted by `hsb' on input line 1369.
Package xcolor Info: Model `Gray' substituted by `gray' on input line 1370.
Package xcolor Info: Model `wave' substituted by `hsb' on input line 1371.
)
(/usr/local/texlive/2020/texmf-dist/tex/latex/l3backend/l3backend-pdfmode.def
File: l3backend-pdfmode.def 2020-03-12 L3 backend support: PDF mode
\l__kernel_color_stack_int=\count177
\l__pdf_internal_box=\box45
)
No file "MAP_G_1_harv_§´Ô ÅÆ™Ë®_20_10_2021".aux.
\openout1 = `"MAP_G_1_harv_§´Ô ÅÆ™Ë®_20_10_2021.aux"'.

LaTeX Font Info:    Checking defaults for OML/cmm/m/it on input line 22.
LaTeX Font Info:    ... okay on input line 22.
LaTeX Font Info:    Checking defaults for OMS/cmsy/m/n on input line 22.
LaTeX Font Info:    ... okay on input line 22.
LaTeX Font Info:    Checking defaults for OT1/cmr/m/n on input line 22.
LaTeX Font Info:    ... okay on input line 22.
LaTeX Font Info:    Checking defaults for T1/cmr/m/n on input line 22.
LaTeX Font Info:    ... okay on input line 22.
LaTeX Font Info:    Checking defaults for TS1/cmr/m/n on input line 22.
LaTeX Font Info:    ... okay on input line 22.
LaTeX Font Info:    Checking defaults for OMX/cmex/m/n on input line 22.
LaTeX Font Info:    ... okay on input line 22.
LaTeX Font Info:    Checking defaults for U/cmr/m/n on input line 22.
LaTeX Font Info:    ... okay on input line 22.
LaTeX Font Info:    Checking defaults for T2A/cmr/m/n on input line 22.
LaTeX Font Info:    Trying to load font information for T2A+cmr on input line 2
2.
(/usr/local/texlive/2020/texmf-dist/tex/latex/cyrillic/t2acmr.fd
File: t2acmr.fd 2001/08/11 v1.0a Computer Modern Cyrillic font definitions
)
LaTeX Font Info:    ... okay on input line 22.

(/usr/local/texlive/2020/texmf-dist/tex/context/base/mkii/supp-pdf.mkii
[Loading MPS to PDF converter (version 2006.09.02).]
\scratchcounter=\count178
\scratchdimen=\dimen140
\scratchbox=\box46
\nofMPsegments=\count179
\nofMParguments=\count180
\everyMPshowfont=\toks18
\MPscratchCnt=\count181
\MPscratchDim=\dimen141
\MPnumerator=\count182
\makeMPintoPDFobject=\count183
\everyMPtoPDFconversion=\toks19
) (/usr/local/texlive/2020/texmf-dist/tex/latex/epstopdf-pkg/epstopdf-base.sty
Package: epstopdf-base 2020-01-24 v2.11 Base part for package epstopdf
Package epstopdf-base Info: Redefining graphics rule for `.eps' on input line 4
85.

(/usr/local/texlive/2020/texmf-dist/tex/latex/latexconfig/epstopdf-sys.cfg
File: epstopdf-sys.cfg 2010/07/13 v1.3 Configuration of (r)epstopdf for TeX Liv
e
))
LaTeX Font Info:    Trying to load font information for U+msa on input line 25.


(/usr/local/texlive/2020/texmf-dist/tex/latex/amsfonts/umsa.fd
File: umsa.fd 2013/01/14 v3.01 AMS symbols A
)
LaTeX Font Info:    Trying to load font information for U+msb on input line 25.


(/usr/local/texlive/2020/texmf-dist/tex/latex/amsfonts/umsb.fd
File: umsb.fd 2013/01/14 v3.01 AMS symbols B
)
Overfull \hbox (14.23785pt too wide) in paragraph at lines 29--30
\T2A/cmr/m/n/10.95 the suggestion that arrival flow of customers is described b
y the Markovian
 []


Overfull \hbox (0.57587pt too wide) in paragraph at lines 29--30
\T2A/cmr/m/n/10.95 distribution. This creates an opportunity to formulate and s
olve various
 []


LaTeX Warning: Citation `kr1' on page 1 undefined on input line 38.


LaTeX Warning: Citation `kr2' on page 1 undefined on input line 38.


LaTeX Warning: Citation `a' on page 1 undefined on input line 42.


LaTeX Warning: Citation `b1' on page 1 undefined on input line 42.


LaTeX Warning: Citation `b2' on page 1 undefined on input line 42.


LaTeX Warning: Citation `cuy' on page 1 undefined on input line 42.


LaTeX Warning: Citation `d1' on page 1 undefined on input line 42.


LaTeX Warning: Citation `d2' on page 1 undefined on input line 42.


LaTeX Warning: Citation `d3' on page 1 undefined on input line 42.


LaTeX Warning: Citation `d4' on page 1 undefined on input line 42.


LaTeX Warning: Citation `g1' on page 1 undefined on input line 42.


LaTeX Warning: Citation `g2' on page 1 undefined on input line 42.


LaTeX Warning: Citation `kim1' on page 1 undefined on input line 42.


LaTeX Warning: Citation `kim2' on page 1 undefined on input line 42.


LaTeX Warning: Citation `p' on page 1 undefined on input line 42.


LaTeX Warning: Citation `s1' on page 1 undefined on input line 42.


LaTeX Warning: Citation `s2' on page 1 undefined on input line 42.


LaTeX Warning: Citation `t1' on page 1 undefined on input line 42.


LaTeX Warning: Citation `t2' on page 1 undefined on input line 42.


LaTeX Warning: Citation `u' on page 1 undefined on input line 42.


LaTeX Warning: Citation `y1' on page 1 undefined on input line 42.


LaTeX Warning: Citation `y2' on page 1 undefined on input line 42.


Overfull \hbox (6.79185pt too wide) in paragraph at lines 38--43
\T2A/cmr/m/n/12 possible only conditional that some additional consumable resou
rce (inventory)
 []


Overfull \hbox (18.28831pt too wide) in paragraph at lines 38--43
\T2A/cmr/m/n/12 for customers service. This interpretation is suitable, e.g., f
or analytical modelling
 []


Overfull \hbox (10.96886pt too wide) in paragraph at lines 38--43
\T2A/cmr/m/n/12 sensor nodes which are able to extract energy from the surround
ing environment
 []

[1

{/usr/local/texlive/2020/texmf-var/fonts/map/pdftex/updmap/pdftex.map}]

LaTeX Warning: Citation `chak' on page 2 undefined on input line 45.


LaTeX Warning: Citation `luk' on page 2 undefined on input line 45.


LaTeX Warning: Citation `vd' on page 2 undefined on input line 45.


LaTeX Warning: Citation `b2' on page 2 undefined on input line 45.


LaTeX Warning: Citation `d1' on page 2 undefined on input line 45.


LaTeX Warning: Citation `d2' on page 2 undefined on input line 45.


LaTeX Warning: Citation `d3' on page 2 undefined on input line 45.


LaTeX Warning: Citation `d4' on page 2 undefined on input line 45.


LaTeX Warning: Citation `kim2' on page 2 undefined on input line 45.


Overfull \hbox (14.6325pt too wide) in paragraph at lines 47--48
\T2A/cmr/m/n/12 can arise. Therefore, it is desirable to analyse the model for 
arbitrary distribution
 []


LaTeX Warning: Citation `luk' on page 2 undefined on input line 49.


LaTeX Warning: Citation `luk' on page 2 undefined on input line 49.


LaTeX Warning: Citation `dkv' on page 2 undefined on input line 49.


Overfull \hbox (12.93571pt too wide) in paragraph at lines 51--52
[]\T2A/cmr/m/n/12 The rest of the paper consists of the following. In Section 2
, the mathematical
 []


Overfull \hbox (16.57701pt too wide) in paragraph at lines 51--52
\T2A/cmr/m/n/12 transition probabilities of three-dimensional embedded Markov c
hain (subsection
 []


Overfull \hbox (9.92041pt too wide) in paragraph at lines 51--52
\T2A/cmr/m/n/12 embedded Markov chain (subsection 3.3) and computation of some 
performance
 []

[2]

LaTeX Warning: Citation `chak' on page 3 undefined on input line 56.


LaTeX Warning: Citation `luk' on page 3 undefined on input line 56.


LaTeX Warning: Citation `vd' on page 3 undefined on input line 56.


Overfull \hbox (18.56361pt too wide) in paragraph at lines 56--58
\T2A/cmr/m/n/12 of the underlying Markov chain $\OML/cmm/m/it/12 ^^W[];  t \OMS
/cmsy/m/n/12 ^^U \OT1/cmr/m/n/12 0\OML/cmm/m/it/12 ;$ \T2A/cmr/m/n/12 having a 
finite state space $\OMS/cmsy/m/n/12 f\OT1/cmr/m/n/12 0\OML/cmm/m/it/12 ; \OT1/
cmr/m/n/12 1\OML/cmm/m/it/12 ; [] ; W\OMS/cmsy/m/n/12 g$
 []


Overfull \hbox (19.19534pt too wide) in paragraph at lines 70--72
\T2A/cmr/m/n/12 model. We are interested in analysis of the stationary behavior
 of two-dimensional
 []

[3]
Overfull \hbox (43.81358pt too wide) in paragraph at lines 75--75
[]\T2A/cmr/bx/n/17.28 Stationary distribution of the number of customers
 []


Overfull \hbox (32.38998pt too wide) detected at line 89
\OML/cmm/m/it/12 P\OMS/cmsy/m/n/12 f\OT1/cmr/m/n/12 (\OML/cmm/m/it/12 i; k; ^^W
\OT1/cmr/m/n/12 ) \OMS/cmsy/m/n/12 ! \OT1/cmr/m/n/12 (\OML/cmm/m/it/12 j; k[]; 
^^W[]\OT1/cmr/m/n/12 )\OMS/cmsy/m/n/12 g \OT1/cmr/m/n/12 = \OML/cmm/m/it/12 P [
] :
 []

[4]
Overfull \hbox (3.62851pt too wide) in paragraph at lines 123--124
[]\T2A/cmr/m/n/12 The matrix whose entries define the probabilities of arrival 
of $\OML/cmm/m/it/12 i$ \T2A/cmr/m/n/12 customers
 []


Overfull \hbox (9.89777pt too wide) in paragraph at lines 128--129
[]\T2A/cmr/m/n/12 The matrix whose entries define the probabilities of arrival 
of $\OML/cmm/m/it/12 m$ \T2A/cmr/m/n/12 customers
 []


Overfull \hbox (9.46646pt too wide) in paragraph at lines 135--138
[]$\OML/cmm/m/it/12 M\OT1/cmr/m/n/12 (\OML/cmm/m/it/12 r\OT1/cmr/m/n/12 ) = [] 
\OML/cmm/m/it/12 e[]'[]\OT1/cmr/m/n/12 (\OML/cmm/m/it/12 t\OT1/cmr/m/n/12 )\OML
/cmm/m/it/12 D[]dt \OT1/cmr/m/n/12 = [] \OML/cmm/m/it/12 e[][]e[]D[]dt \OT1/cmr
/m/n/12 = \OML/cmm/m/it/12 ^^M[]\OT1/cmr/m/n/12 (\OMS/cmsy/m/n/12 ^^@\OML/cmm/m
/it/12 D[] \OT1/cmr/m/n/12 + \OML/cmm/m/it/12 ^^MI\OT1/cmr/m/n/12 )[]\OML/cmm/m
/it/12 D[]$\T2A/cmr/m/n/12 . 
 []

[5]
Overfull \hbox (9.80432pt too wide) in paragraph at lines 148--150
[]\T2A/cmr/bx/n/12 Lemma \T2A/cmr/m/n/12 Transition probability matrices $\OML/
cmm/m/it/12 P [] ; j \OMS/cmsy/m/n/12 ^^U []f\OT1/cmr/m/n/12 0\OML/cmm/m/it/12 
; i \OMS/cmsy/m/n/12 ^^@
 []


Overfull \hbox (1.50793pt too wide) detected at line 151
\OML/cmm/m/it/12 P [] \OT1/cmr/m/n/12 = \OML/cmm/m/it/12 M\OT1/cmr/m/n/12 (0) [
] \OML/cmm/m/it/12 N\OT1/cmr/m/n/12 (\OML/cmm/m/it/12 n\OT1/cmr/m/n/12 )^^H(\OM
L/cmm/m/it/12 j \OMS/cmsy/m/n/12 ^^@ \OML/cmm/m/it/12 n; k[]\OT1/cmr/m/n/12 ) +
 \OML/cmm/m/it/12 N\OT1/cmr/m/n/12 (0) [] \OML/cmm/m/it/12 M\OT1/cmr/m/n/12 (\O
ML/cmm/m/it/12 m\OT1/cmr/m/n/12 )^^H(\OML/cmm/m/it/12 j; k[] \OMS/cmsy/m/n/12 ^
^@ \OML/cmm/m/it/12 m\OT1/cmr/m/n/12 )\OML/cmm/m/it/12 ;
 []


Overfull \hbox (24.40442pt too wide) detected at line 162
\OML/cmm/m/it/12 P [] \OT1/cmr/m/n/12 = [] \OML/cmm/m/it/12 M\OT1/cmr/m/n/12 (\
OML/cmm/m/it/12 m\OT1/cmr/m/n/12 )^^H(\OML/cmm/m/it/12 j; k[] \OMS/cmsy/m/n/12 
^^@ \OML/cmm/m/it/12 k \OT1/cmr/m/n/12 + 1 \OMS/cmsy/m/n/12 ^^@ \OML/cmm/m/it/1
2 m\OT1/cmr/m/n/12 )\OML/cmm/m/it/12 ;  k \OT1/cmr/m/n/12 = []\OML/cmm/m/it/12 
; k[] \OT1/cmr/m/n/12 = [];
 []


Overfull \hbox (34.70563pt too wide) detected at line 166
\OML/cmm/m/it/12 P [] \OT1/cmr/m/n/12 = [] \OML/cmm/m/it/12 M\OT1/cmr/m/n/12 (\
OML/cmm/m/it/12 m\OT1/cmr/m/n/12 )^^H(\OML/cmm/m/it/12 j; K \OMS/cmsy/m/n/12 ^^
@ \OML/cmm/m/it/12 k \OMS/cmsy/m/n/12 ^^@ \OML/cmm/m/it/12 m\OT1/cmr/m/n/12 ) +
 [](\OML/cmm/m/it/12 K \OMS/cmsy/m/n/12 ^^@ \OML/cmm/m/it/12 k \OT1/cmr/m/n/12 
+ 1)^^H(\OML/cmm/m/it/12 j; \OT1/cmr/m/n/12 0)\OML/cmm/m/it/12 ;  k \OT1/cmr/m/
n/12 = [];
 []


Overfull \hbox (29.17781pt too wide) detected at line 169
\OML/cmm/m/it/12 P [] \OT1/cmr/m/n/12 = [] \OML/cmm/m/it/12 M\OT1/cmr/m/n/12 (\
OML/cmm/m/it/12 m\OT1/cmr/m/n/12 )[](\OML/cmm/m/it/12 j; K \OMS/cmsy/m/n/12 ^^@
 \OML/cmm/m/it/12 k \OT1/cmr/m/n/12 + 1 \OMS/cmsy/m/n/12 ^^@ \OML/cmm/m/it/12 m
\OT1/cmr/m/n/12 ) + [](\OML/cmm/m/it/12 K \OMS/cmsy/m/n/12 ^^@ \OML/cmm/m/it/12
 k \OT1/cmr/m/n/12 + 1)[](\OML/cmm/m/it/12 j; \OT1/cmr/m/n/12 1)\OML/cmm/m/it/1
2 ;  k \OT1/cmr/m/n/12 = [];
 []

[6]
Overfull \hbox (6.2668pt too wide) detected at line 175
\OML/cmm/m/it/12 P [] \OT1/cmr/m/n/12 = ^^H(\OML/cmm/m/it/12 j \OMS/cmsy/m/n/12
 ^^@ \OML/cmm/m/it/12 i \OT1/cmr/m/n/12 + 1\OML/cmm/m/it/12 ; k[] \OMS/cmsy/m/n
/12 ^^@ \OML/cmm/m/it/12 k \OT1/cmr/m/n/12 + 1)\OML/cmm/m/it/12 ;  i \OMS/cmsy/
m/n/12 ^^U \OT1/cmr/m/n/12 1\OML/cmm/m/it/12 ;  k[] \OT1/cmr/m/n/12 = []\OML/cm
m/m/it/12 ;  k \OT1/cmr/m/n/12 = [];
 []


Overfull \hbox (5.49438pt too wide) in paragraph at lines 203--207
\T2A/cmr/m/n/12 Then, the block matrices $\OML/cmm/m/it/12 P[]$ \T2A/cmr/m/n/12
 composed by the blocks $\OML/cmm/m/it/12 P [] ;  k[] \OT1/cmr/m/n/12 =
 []

[7]

LaTeX Warning: Citation `graham' on page 8 undefined on input line 219.


Overfull \hbox (35.14801pt too wide) in paragraph at lines 221--224
[]\T2A/cmr/m/n/12 In turn, the block matrices $\OML/cmm/m/it/12 P[]$ \T2A/cmr/m
/n/12 composed by the blocks $\OML/cmm/m/it/12 P [] ;  k[] \OT1/cmr/m/n/12 =
 []


LaTeX Warning: Citation `neuts1989' on page 8 undefined on input line 228.


LaTeX Warning: Citation `neuts1989' on page 8 undefined on input line 229.

[8]
Overfull \hbox (27.94304pt too wide) in paragraph at lines 297--297
[]\T2A/cmr/bx/n/14.4 Computation of the stationary distribution of embedded
 []

[9]
Overfull \hbox (12.78851pt too wide) in paragraph at lines 309--313
\T2A/cmr/m/n/12 them is based on the use of the vector generating function $[]\
OT1/cmr/m/n/12 (\OML/cmm/m/it/12 z\OT1/cmr/m/n/12 ) = [] [][]\OML/cmm/m/it/12 z
[];  \OMS/cmsy/m/n/12 j\OML/cmm/m/it/12 z\OMS/cmsy/m/n/12 j \OML/cmm/m/it/12 <
 []


LaTeX Warning: Citation `dkv' on page 10 undefined on input line 316.


Overfull \hbox (10.64236pt too wide) in paragraph at lines 318--319
[]\T2A/cmr/m/n/12 Another possibility uses the sequential consideration of the 
series of censored
 []

[10] [11]
Overfull \hbox (43.81358pt too wide) in paragraph at lines 388--388
[]\T2A/cmr/bx/n/17.28 Stationary distribution of the number of customers
 []


Overfull \hbox (16.16138pt too wide) in paragraph at lines 391--394
\T2A/cmr/m/n/12 In this section, we consider the process $\OML/cmm/m/it/12 ^^P[
] \OT1/cmr/m/n/12 = \OMS/cmsy/m/n/12 f\OML/cmm/m/it/12 i[];  k[];  ^^W[]\OMS/cm
sy/m/n/12 g\OML/cmm/m/it/12 ;  t \OMS/cmsy/m/n/12 ^^U \OT1/cmr/m/n/12 0\OML/cmm
/m/it/12 ;$ \T2A/cmr/m/n/12 whose components
 []


LaTeX Warning: Citation `cinlar' on page 12 undefined on input line 396.


LaTeX Warning: Citation `cinlar' on page 12 undefined on input line 409.


Overfull \hbox (1.29317pt too wide) in paragraph at lines 409--410
[]\T2A/cmr/m/n/12 From [[]], the limits in (13) exist if the process $\OMS/cmsy
/m/n/12 f\OML/cmm/m/it/12 ^^X[]; t[]\OMS/cmsy/m/n/12 g\OML/cmm/m/it/12 ;  n \OM
S/cmsy/m/n/12 ^^U \OT1/cmr/m/n/12 1\OML/cmm/m/it/12 ;$ \T2A/cmr/m/n/12 is irred
ucible
 []

[12]
Overfull \hbox (9.33167pt too wide) in paragraph at lines 426--427
[]\T2A/cmr/m/n/12 Let also $[]$ be the matrix of transition probabilities of th
e semi-regenerative
 []

[13] [14]

LaTeX Warning: Citation `cinlar' on page 15 undefined on input line 568.


Overfull \hbox (6.33984pt too wide) in paragraph at lines 571--572
[]\T2A/cmr/bx/n/12 Corollary \T2A/cmr/m/n/12 The vector generating function $\O
T1/cmr/bx/n/12 p\OT1/cmr/m/n/12 (\OML/cmm/m/it/12 z\OT1/cmr/m/n/12 ) = [] \OT1/
cmr/bx/n/12 p[]\OML/cmm/m/it/12 z[]$ \T2A/cmr/m/n/12 of the stationary
 []


Overfull \hbox (10.11806pt too wide) detected at line 578
[]\OT1/cmr/m/n/12 (\OML/cmm/m/it/12 z\OT1/cmr/m/n/12 ) = [] 	[](\OML/cmm/m/it/1
2 t\OT1/cmr/m/n/12 ) \OMS/cmsy/m/n/12 
 \OML/cmm/m/it/12 e[]\OT1/cmr/m/n/12 (1 \OMS/cmsy/m/n/12 ^^@ \OML/cmm/m/it/12 B
\OT1/cmr/m/n/12 (\OML/cmm/m/it/12 t\OT1/cmr/m/n/12 ))\OML/cmm/m/it/12 dt \OT1/c
mr/m/n/12 + \OML/cmm/m/it/12 ^^M [] \OT1/cmr/m/n/12 	[](\OML/cmm/m/it/12 t\OT1/
cmr/m/n/12 ) \OMS/cmsy/m/n/12 
 \OT1/cmr/m/n/12 (\OML/cmm/m/it/12 ^^MI \OMS/cmsy/m/n/12 ^^@ \OML/cmm/m/it/12 D
\OT1/cmr/m/n/12 (\OML/cmm/m/it/12 z\OT1/cmr/m/n/12 ))[]\OML/cmm/m/it/12 e[]\OT1
/cmr/m/n/12 (1 \OMS/cmsy/m/n/12 ^^@ \OML/cmm/m/it/12 B\OT1/cmr/m/n/12 (\OML/cmm
/m/it/12 t\OT1/cmr/m/n/12 ))\OML/cmm/m/it/12 dt:
 []

[15]
Overfull \hbox (19.69681pt too wide) in paragraph at lines 605--605
[]\T2A/cmr/bx/n/17.28 Stationary distribution of the virtual and actual
 []


Overfull \hbox (2.21672pt too wide) in paragraph at lines 607--615
\T2A/cmr/m/n/12 The virtual sojourn time consists of the \T2A/cmr/m/it/12 resid
ual service time \T2A/cmr/m/n/12 from an arbitrary
 []

[16]
Overfull \hbox (14.53044pt too wide) in paragraph at lines 626--628
[]\T2A/cmr/bx/n/12 Lemma. \T2A/cmr/m/n/12 The matrix Laplace-Stieltjes transfor
m ($\OML/cmm/m/it/12 LST$\T2A/cmr/m/n/12 ) $\OMS/cmsy/m/n/12 B\OT1/cmr/m/n/12 (
\OML/cmm/m/it/12 s\OT1/cmr/m/n/12 ) = [] \OML/cmm/m/it/12 e[]d[]\OT1/cmr/m/n/12
 (\OML/cmm/m/it/12 x\OT1/cmr/m/n/12 )$
 []


Overfull \hbox (65.77269pt too wide) in paragraph at lines 635--638
\T2A/cmr/m/n/12 beginning, then evidently the $\OML/cmm/m/it/12 LST$ $\OT1/cmr/
m/n/12 (\OMS/cmsy/m/n/12 B\OT1/cmr/m/n/12 (\OML/cmm/m/it/12 s\OT1/cmr/m/n/12 ))
[]\OML/cmm/m/it/12 ; k > \OT1/cmr/m/n/12 0\OML/cmm/m/it/12 ;$ \T2A/cmr/m/n/12 i
s calculated by $[] \OML/cmm/m/it/12 e[]'[]\OT1/cmr/m/n/12 (\OML/cmm/m/it/12 t\
OT1/cmr/m/n/12 )\OML/cmm/m/it/12 dB\OT1/cmr/m/n/12 (\OML/cmm/m/it/12 t\OT1/cmr/
m/n/12 )\OML/cmm/m/it/12 ;$
 []


LaTeX Warning: Citation `cinlar' on page 17 undefined on input line 651.

[17]

LaTeX Warning: Citation `cinlar' on page 18 undefined on input line 665.


Overfull \hbox (1.29317pt too wide) in paragraph at lines 665--670
[]\T2A/cmr/m/n/12 From [[]], the limits in (15) exist if the process $\OMS/cmsy
/m/n/12 f\OML/cmm/m/it/12 ^^X[]; t[]\OMS/cmsy/m/n/12 g\OML/cmm/m/it/12 ;  n \OM
S/cmsy/m/n/12 ^^U \OT1/cmr/m/n/12 1\OML/cmm/m/it/12 ;$ \T2A/cmr/m/n/12 is irred
ucible
 []


Overfull \hbox (30.79706pt too wide) in paragraph at lines 672--680
\T2A/cmr/m/n/12 let $[]\OT1/cmr/m/n/12 (\OML/cmm/m/it/12 j; s\OT1/cmr/m/n/12 )$
 \T2A/cmr/m/n/12 be the corresponding vector of the $\OML/cmm/m/it/12 LST$\T2A/
cmr/m/n/12 s, that is $[]\OT1/cmr/m/n/12 (\OML/cmm/m/it/12 j; s\OT1/cmr/m/n/12 
) = [] \OML/cmm/m/it/12 e[]d[]\OT1/cmr/m/n/12 (\OML/cmm/m/it/12 j; x\OT1/cmr/m/
n/12 )\OML/cmm/m/it/12 ; $
 []


Overfull \hbox (14.81123pt too wide) detected at line 692
\OML/cmm/m/it/12 p[]\OT1/cmr/m/n/12 (\OML/cmm/m/it/12 j; k[]; ^^W[]; x\OT1/cmr/
m/n/12 ) = [] \OML/cmm/m/it/12 P\OMS/cmsy/m/n/12 f\OML/cmm/m/it/12 j[] \OT1/cmr
/m/n/12 = \OML/cmm/m/it/12 j; k[] \OT1/cmr/m/n/12 = \OML/cmm/m/it/12 k[]; ^^W[]
 \OT1/cmr/m/n/12 = \OML/cmm/m/it/12 ^^W[]; [] < x\OMS/cmsy/m/n/12 j\OML/cmm/m/i
t/12 j[] \OT1/cmr/m/n/12 = \OML/cmm/m/it/12 i; k[] \OT1/cmr/m/n/12 = \OML/cmm/m
/it/12 k; ^^W[] \OT1/cmr/m/n/12 = \OML/cmm/m/it/12 ^^W\OMS/cmsy/m/n/12 g
 []


Overfull \hbox (45.72043pt too wide) detected at line 722
\OML/cmm/m/it/12 C[]\OT1/cmr/m/n/12 (\OML/cmm/m/it/12 s\OT1/cmr/m/n/12 ) = [] \
OML/cmm/m/it/12 ;  j \OMS/cmsy/m/n/12 ^^U \OT1/cmr/m/n/12 1\OML/cmm/m/it/12 ;
 []

[18]
Overfull \hbox (8.91158pt too wide) detected at line 780
\OT1/cmr/m/n/12 
[](\OML/cmm/m/it/12 s\OT1/cmr/m/n/12 ) = [] \OML/cmm/m/it/12 ;
 []

[19]
Overfull \hbox (11.02211pt too wide) in paragraph at lines 823--824
[]\T2A/cmr/m/n/12 Using Lemma 5, we express the vectors $[]\OT1/cmr/m/n/12 (\OM
L/cmm/m/it/12 j; s\OT1/cmr/m/n/12 )$ \T2A/cmr/m/n/12 via the stationary distrib
ution
 []

[20]
Package epstopdf Info: Source file: <Map/11.eps>
(epstopdf)                    date: 2019-05-28 12:15:56
(epstopdf)                    size: 891183 bytes
(epstopdf)             Output file: <Map/11-eps-converted-to.pdf>
(epstopdf)                    date: 2021-10-19 22:54:56
(epstopdf)                    size: 76356 bytes
(epstopdf)             Command: <repstopdf --outfile=Map/11-eps-converted-to.pd
f Map/11.eps>
(epstopdf)             \includegraphics on input line 930.
Package epstopdf Info: Output file is already uptodate.


pdfTeX warning: /Library/TeX/texbin/pdflatex (file ./Map/11-eps-converted-to.pd
f): PDF inclusion: found PDF version <1.7>, but at most version <1.5> allowed
<Map/11-eps-converted-to.pdf, id=88, 803.0pt x 803.0pt>
File: Map/11-eps-converted-to.pdf Graphic file (type pdf)
<use Map/11-eps-converted-to.pdf>
Package pdftex.def Info: Map/11-eps-converted-to.pdf  used on input line 930.
(pdftex.def)             Requested size: 191.10214pt x 191.09431pt.
Package epstopdf Info: Source file: <st/21.eps>
(epstopdf)                    date: 2019-05-28 12:19:16
(epstopdf)                    size: 940564 bytes
(epstopdf)             Output file: <st/21-eps-converted-to.pdf>
(epstopdf)                    date: 2021-10-19 22:54:58
(epstopdf)                    size: 82443 bytes
(epstopdf)             Command: <repstopdf --outfile=st/21-eps-converted-to.pdf
 st/21.eps>
(epstopdf)             \includegraphics on input line 934.
Package epstopdf Info: Output file is already uptodate.


pdfTeX warning: /Library/TeX/texbin/pdflatex (file ./st/21-eps-converted-to.pdf
): PDF inclusion: found PDF version <1.7>, but at most version <1.5> allowed
<st/21-eps-converted-to.pdf, id=89, 803.0pt x 803.0pt>
File: st/21-eps-converted-to.pdf Graphic file (type pdf)
<use st/21-eps-converted-to.pdf>
Package pdftex.def Info: st/21-eps-converted-to.pdf  used on input line 934.
(pdftex.def)             Requested size: 191.10214pt x 191.09431pt.

LaTeX Warning: `h' float specifier changed to `ht'.

Package epstopdf Info: Source file: <Map/12.eps>
(epstopdf)                    date: 2019-05-28 12:21:28
(epstopdf)                    size: 1009035 bytes
(epstopdf)             Output file: <Map/12-eps-converted-to.pdf>
(epstopdf)                    date: 2021-10-19 22:55:00
(epstopdf)                    size: 85706 bytes
(epstopdf)             Command: <repstopdf --outfile=Map/12-eps-converted-to.pd
f Map/12.eps>
(epstopdf)             \includegraphics on input line 943.
Package epstopdf Info: Output file is already uptodate.


pdfTeX warning: /Library/TeX/texbin/pdflatex (file ./Map/12-eps-converted-to.pd
f): PDF inclusion: found PDF version <1.7>, but at most version <1.5> allowed
<Map/12-eps-converted-to.pdf, id=90, 803.0pt x 803.0pt>
File: Map/12-eps-converted-to.pdf Graphic file (type pdf)
<use Map/12-eps-converted-to.pdf>
Package pdftex.def Info: Map/12-eps-converted-to.pdf  used on input line 943.
(pdftex.def)             Requested size: 191.10214pt x 191.09431pt.
Package epstopdf Info: Source file: <st/22.eps>
(epstopdf)                    date: 2019-05-28 12:17:26
(epstopdf)                    size: 943231 bytes
(epstopdf)             Output file: <st/22-eps-converted-to.pdf>
(epstopdf)                    date: 2021-10-19 22:55:02
(epstopdf)                    size: 81105 bytes
(epstopdf)             Command: <repstopdf --outfile=st/22-eps-converted-to.pdf
 st/22.eps>
(epstopdf)             \includegraphics on input line 947.
Package epstopdf Info: Output file is already uptodate.


pdfTeX warning: /Library/TeX/texbin/pdflatex (file ./st/22-eps-converted-to.pdf
): PDF inclusion: found PDF version <1.7>, but at most version <1.5> allowed
<st/22-eps-converted-to.pdf, id=91, 803.0pt x 803.0pt>
File: st/22-eps-converted-to.pdf Graphic file (type pdf)
<use st/22-eps-converted-to.pdf>
Package pdftex.def Info: st/22-eps-converted-to.pdf  used on input line 947.
(pdftex.def)             Requested size: 191.10214pt x 191.09431pt.

LaTeX Warning: `h' float specifier changed to `ht'.

Package epstopdf Info: Source file: <Map/13.eps>
(epstopdf)                    date: 2019-05-28 12:22:12
(epstopdf)                    size: 996994 bytes
(epstopdf)             Output file: <Map/13-eps-converted-to.pdf>
(epstopdf)                    date: 2021-10-19 22:55:02
(epstopdf)                    size: 93153 bytes
(epstopdf)             Command: <repstopdf --outfile=Map/13-eps-converted-to.pd
f Map/13.eps>
(epstopdf)             \includegraphics on input line 957.
Package epstopdf Info: Output file is already uptodate.


pdfTeX warning: /Library/TeX/texbin/pdflatex (file ./Map/13-eps-converted-to.pd
f): PDF inclusion: found PDF version <1.7>, but at most version <1.5> allowed
<Map/13-eps-converted-to.pdf, id=92, 803.0pt x 803.0pt>
File: Map/13-eps-converted-to.pdf Graphic file (type pdf)
<use Map/13-eps-converted-to.pdf>
Package pdftex.def Info: Map/13-eps-converted-to.pdf  used on input line 957.
(pdftex.def)             Requested size: 191.10214pt x 191.09431pt.


pdfTeX warning: /Library/TeX/texbin/pdflatex (file ./st/23.pdf): PDF inclusion:
 found PDF version <1.6>, but at most version <1.5> allowed
<st/23.pdf, id=93, 803.0pt x 803.0pt>
File: st/23.pdf Graphic file (type pdf)
<use st/23.pdf>
Package pdftex.def Info: st/23.pdf  used on input line 961.
(pdftex.def)             Requested size: 191.10214pt x 191.09431pt.

LaTeX Warning: `h' float specifier changed to `ht'.

Package epstopdf Info: Source file: <Map/14.eps>
(epstopdf)                    date: 2019-05-28 12:22:42
(epstopdf)                    size: 1060683 bytes
(epstopdf)             Output file: <Map/14-eps-converted-to.pdf>
(epstopdf)                    date: 2021-10-19 22:55:04
(epstopdf)                    size: 98393 bytes
(epstopdf)             Command: <repstopdf --outfile=Map/14-eps-converted-to.pd
f Map/14.eps>
(epstopdf)             \includegraphics on input line 970.
Package epstopdf Info: Output file is already uptodate.


pdfTeX warning: /Library/TeX/texbin/pdflatex (file ./Map/14-eps-converted-to.pd
f): PDF inclusion: found PDF version <1.7>, but at most version <1.5> allowed
<Map/14-eps-converted-to.pdf, id=94, 803.0pt x 803.0pt>
File: Map/14-eps-converted-to.pdf Graphic file (type pdf)
<use Map/14-eps-converted-to.pdf>
Package pdftex.def Info: Map/14-eps-converted-to.pdf  used on input line 970.
(pdftex.def)             Requested size: 191.10214pt x 191.09431pt.
Package epstopdf Info: Source file: <st/24.eps>
(epstopdf)                    date: 2019-05-28 12:26:06
(epstopdf)                    size: 869880 bytes
(epstopdf)             Output file: <st/24-eps-converted-to.pdf>
(epstopdf)                    date: 2021-10-19 22:55:06
(epstopdf)                    size: 82780 bytes
(epstopdf)             Command: <repstopdf --outfile=st/24-eps-converted-to.pdf
 st/24.eps>
(epstopdf)             \includegraphics on input line 974.
Package epstopdf Info: Output file is already uptodate.


pdfTeX warning: /Library/TeX/texbin/pdflatex (file ./st/24-eps-converted-to.pdf
): PDF inclusion: found PDF version <1.7>, but at most version <1.5> allowed
<st/24-eps-converted-to.pdf, id=95, 803.0pt x 803.0pt>
File: st/24-eps-converted-to.pdf Graphic file (type pdf)
<use st/24-eps-converted-to.pdf>
Package pdftex.def Info: st/24-eps-converted-to.pdf  used on input line 974.
(pdftex.def)             Requested size: 191.10214pt x 191.09431pt.

LaTeX Warning: `h' float specifier changed to `ht'.

Package epstopdf Info: Source file: <Map/15.eps>
(epstopdf)                    date: 2019-05-28 12:23:06
(epstopdf)                    size: 978046 bytes
(epstopdf)             Output file: <Map/15-eps-converted-to.pdf>
(epstopdf)                    date: 2021-10-19 22:55:08
(epstopdf)                    size: 89874 bytes
(epstopdf)             Command: <repstopdf --outfile=Map/15-eps-converted-to.pd
f Map/15.eps>
(epstopdf)             \includegraphics on input line 984.
Package epstopdf Info: Output file is already uptodate.


pdfTeX warning: /Library/TeX/texbin/pdflatex (file ./Map/15-eps-converted-to.pd
f): PDF inclusion: found PDF version <1.7>, but at most version <1.5> allowed
<Map/15-eps-converted-to.pdf, id=96, 803.0pt x 803.0pt>
File: Map/15-eps-converted-to.pdf Graphic file (type pdf)
<use Map/15-eps-converted-to.pdf>
Package pdftex.def Info: Map/15-eps-converted-to.pdf  used on input line 984.
(pdftex.def)             Requested size: 191.10214pt x 191.09431pt.
Package epstopdf Info: Source file: <st/25.eps>
(epstopdf)                    date: 2019-05-28 12:26:28
(epstopdf)                    size: 1001249 bytes
(epstopdf)             Output file: <st/25-eps-converted-to.pdf>
(epstopdf)                    date: 2021-10-19 22:55:10
(epstopdf)                    size: 92259 bytes
(epstopdf)             Command: <repstopdf --outfile=st/25-eps-converted-to.pdf
 st/25.eps>
(epstopdf)             \includegraphics on input line 988.
Package epstopdf Info: Output file is already uptodate.


pdfTeX warning: /Library/TeX/texbin/pdflatex (file ./st/25-eps-converted-to.pdf
): PDF inclusion: found PDF version <1.7>, but at most version <1.5> allowed
<st/25-eps-converted-to.pdf, id=97, 803.0pt x 803.0pt>
File: st/25-eps-converted-to.pdf Graphic file (type pdf)
<use st/25-eps-converted-to.pdf>
Package pdftex.def Info: st/25-eps-converted-to.pdf  used on input line 988.
(pdftex.def)             Requested size: 191.10214pt x 191.09431pt.

LaTeX Warning: `h' float specifier changed to `ht'.

[21] [22 <./Map/11-eps-converted-to.pdf> <./st/21-eps-converted-to.pdf>]
[23 <./Map/12-eps-converted-to.pdf> <./st/22-eps-converted-to.pdf>]
Underfull \hbox (badness 1122) in paragraph at lines 1067--1070
[]\T2A/cmr/m/n/12 Lucantoni, D.M. New results on the single server queue with a

 []

[24 <./Map/13-eps-converted-to.pdf> <./st/23.pdf>]
Underfull \hbox (badness 3354) in paragraph at lines 1081--1083
[]\T2A/cmr/m/n/12 V. Sharma, U. Mukherji, V. Joseph, and S. Gupta, Optimal
 []

[25 <./Map/14-eps-converted-to.pdf> <./st/24-eps-converted-to.pdf>]
Underfull \hbox (badness 8151) in paragraph at lines 1104--1106
[]\T2A/cmr/m/n/12 J. Yang and S. Ulukus, Optimal packet scheduling in an
 []


Underfull \hbox (badness 10000) in paragraph at lines 1104--1106
\T2A/cmr/m/n/12 energy harvesting communication system,IEEE Transactions on
 []

[26 <./Map/15-eps-converted-to.pdf> <./st/25-eps-converted-to.pdf>] [27]
Overfull \hbox (34.61249pt too wide) detected at line 1189
\OML/cmm/m/it/12 C[]\OT1/cmr/m/n/12 (\OML/cmm/m/it/12 s\OT1/cmr/m/n/12 ) = [] \
OML/cmm/m/it/12 e[] [] ^^^[]\OT1/cmr/m/n/12 (\OML/cmm/m/it/12 t\OT1/cmr/m/n/12 
)\OML/cmm/m/it/12 D[]dt\OT1/cmr/m/n/12 	[](\OML/cmm/m/it/12 j \OMS/cmsy/m/n/12 
^^@ \OT1/cmr/m/n/12 1\OML/cmm/m/it/12 ; s\OT1/cmr/m/n/12 )\OML/cmm/m/it/12 ;  k
 \OMS/cmsy/m/n/12 ^^U \OT1/cmr/m/n/12 1\OML/cmm/m/it/12 ; k \OMS/cmsy/m/n/12 ^^
@ \OT1/cmr/m/n/12 1 \OMS/cmsy/m/n/12 ^^T \OML/cmm/m/it/12 k[] \OMS/cmsy/m/n/12 
^^T \OML/cmm/m/it/12 K \OMS/cmsy/m/n/12 ^^@ \OT1/cmr/m/n/12 2\OML/cmm/m/it/12 ;
 j \OMS/cmsy/m/n/12 ^^U \OT1/cmr/m/n/12 1\OML/cmm/m/it/12 :
 []


Overfull \hbox (19.89954pt too wide) detected at line 1196
\OML/cmm/m/it/12 C[]\OT1/cmr/m/n/12 (\OML/cmm/m/it/12 s\OT1/cmr/m/n/12 ) = [] \
OML/cmm/m/it/12 e[]\OT1/cmr/m/n/12 [[] \OML/cmm/m/it/12 ^^^[]\OT1/cmr/m/n/12 (\
OML/cmm/m/it/12 t\OT1/cmr/m/n/12 )\OML/cmm/m/it/12 D[]dt\OT1/cmr/m/n/12 	[](\OM
L/cmm/m/it/12 j \OMS/cmsy/m/n/12 ^^@ \OT1/cmr/m/n/12 1\OML/cmm/m/it/12 ; s\OT1/
cmr/m/n/12 ) + [] \OML/cmm/m/it/12 ^^^[]\OT1/cmr/m/n/12 (\OML/cmm/m/it/12 t\OT1
/cmr/m/n/12 )\OML/cmm/m/it/12 D[]dt\OT1/cmr/m/n/12 	[](\OML/cmm/m/it/12 j \OMS/
cmsy/m/n/12 ^^@ \OT1/cmr/m/n/12 1\OML/cmm/m/it/12 ; s\OT1/cmr/m/n/12 )]\OML/cmm
/m/it/12 ;
 []

[28]
Overfull \hbox (8.66588pt too wide) detected at line 1297
\OT1/cmr/m/n/12 = [][][][][] [] \OML/cmm/m/it/12 K[][][][][][][]\OT1/cmr/m/n/12
 1 \OMS/cmsy/m/n/12 ^^@ \OML/cmm/m/it/12 e[] [] [][]:
 []


Overfull \hbox (8.66588pt too wide) detected at line 1304
\OT1/cmr/m/n/12 = [][][][][] [] \OML/cmm/m/it/12 K[][][][][][][]\OT1/cmr/m/n/12
 1 \OMS/cmsy/m/n/12 ^^@ \OML/cmm/m/it/12 e[] [] [][]:
 []

[29] [30] (./MAP_G_1_harv_§´Ô ÅÆ™Ë®_20_10_2021.aux)

LaTeX Warning: There were undefined references.


LaTeX Warning: Label(s) may have changed. Rerun to get cross-references right.

 ) 
Here is how much of TeX's memory you used:
 3611 strings out of 480608
 46209 string characters out of 5903629
 298216 words of memory out of 5000000
 19444 multiletter control sequences out of 15000+600000
 548674 words of font info for 66 fonts, out of 8000000 for 9000
 1141 hyphenation exceptions out of 8191
 30i,9n,37p,1365b,310s stack positions out of 5000i,500n,10000p,200000b,80000s
{/usr/local/texlive/2020/texmf-dist/fonts/enc/dvips/cm-super/cm-super-t2a.enc
}</usr/local/texlive/2020/texmf-dist/fonts/type1/public/amsfonts/cm/cmbx12.pfb>
</usr/local/texlive/2020/texmf-dist/fonts/type1/public/amsfonts/cm/cmex10.pfb><
/usr/local/texlive/2020/texmf-dist/fonts/type1/public/amsfonts/cm/cmmi10.pfb></
usr/local/texlive/2020/texmf-dist/fonts/type1/public/amsfonts/cm/cmmi12.pfb></u
sr/local/texlive/2020/texmf-dist/fonts/type1/public/amsfonts/cm/cmmi6.pfb></usr
/local/texlive/2020/texmf-dist/fonts/type1/public/amsfonts/cm/cmmi8.pfb></usr/l
ocal/texlive/2020/texmf-dist/fonts/type1/public/amsfonts/cm/cmmib10.pfb></usr/l
ocal/texlive/2020/texmf-dist/fonts/type1/public/amsfonts/cm/cmr10.pfb></usr/loc
al/texlive/2020/texmf-dist/fonts/type1/public/amsfonts/cm/cmr12.pfb></usr/local
/texlive/2020/texmf-dist/fonts/type1/public/amsfonts/cm/cmr6.pfb></usr/local/te
xlive/2020/texmf-dist/fonts/type1/public/amsfonts/cm/cmr8.pfb></usr/local/texli
ve/2020/texmf-dist/fonts/type1/public/amsfonts/cm/cmsy10.pfb></usr/local/texliv
e/2020/texmf-dist/fonts/type1/public/amsfonts/cm/cmsy6.pfb></usr/local/texlive/
2020/texmf-dist/fonts/type1/public/amsfonts/cm/cmsy8.pfb></usr/local/texlive/20
20/texmf-dist/fonts/type1/public/amsfonts/symbols/msam10.pfb></usr/local/texliv
e/2020/texmf-dist/fonts/type1/public/cm-super/sfbx1095.pfb></usr/local/texlive/
2020/texmf-dist/fonts/type1/public/cm-super/sfbx1200.pfb></usr/local/texlive/20
20/texmf-dist/fonts/type1/public/cm-super/sfbx1440.pfb></usr/local/texlive/2020
/texmf-dist/fonts/type1/public/cm-super/sfbx1728.pfb></usr/local/texlive/2020/t
exmf-dist/fonts/type1/public/cm-super/sfrm1095.pfb></usr/local/texlive/2020/tex
mf-dist/fonts/type1/public/cm-super/sfrm1200.pfb></usr/local/texlive/2020/texmf
-dist/fonts/type1/public/cm-super/sfti1200.pfb>
Output written on "MAP_G_1_harv_§´Ô ÅÆ™Ë®_20_10_2021.pdf" (30 pages
, 1191183 bytes).
PDF statistics:
 248 PDF objects out of 1000 (max. 8388607)
 162 compressed objects within 2 object streams
 0 named destinations out of 1000 (max. 500000)
 51 words of extra memory for PDF output out of 10000 (max. 10000000)

